# JRE version: OpenJDK Runtime Environment Temurin-17.0.4.1+1 (17.0.4.1+1) (build 17.0.4.1+1)
# Java VM: OpenJDK 64-Bit Server VM Temurin-17.0.4.1+1 (17.0.4.1+1, mixed mode, emulated-client, tiered, compressed oops, compressed class ptrs, g1 gc, windows-amd64)
GC Precious Log:
 CPUs: 2 total, 2 available
 Memory: 3995M
 Large Page Support: Disabled
 NUMA Support: Disabled
 Compressed Oops: Enabled (32-bit)
 Heap Region Size: 1M
 Heap Min Capacity: 8M
 Heap Initial Capacity: 64M
 Heap Max Capacity: 1000M
 Pre-touch: Disabled
 Parallel Workers: 2
 Concurrent Workers: 1
 Concurrent Refinement Workers: 2
 Periodic GC: Disabled
Heap:
 garbage-first heap   total 116736K, used 34488K [0x00000000c1800000, 0x0000000100000000)
  region size 1024K, 1 young (1024K), 0 survivors (0K)
 Metaspace       used 46382K, committed 46848K, reserved 1089536K
  class space    used 6344K, committed 6528K, reserved 1048576K
GC Heap History (20 events):
Event: 802.688 GC heap before
{Heap before GC invocations=107 (full 59):
 garbage-first heap   total 116736K, used 34488K [0x00000000c1800000, 0x0000000100000000)
  region size 1024K, 1 young (1024K), 0 survivors (0K)
 Metaspace       used 46382K, committed 46848K, reserved 1089536K
  class space    used 6344K, committed 6528K, reserved 1048576K
}
Event: 802.790 GC heap after
{Heap after GC invocations=108 (full 60):
 garbage-first heap   total 116736K, used 34488K [0x00000000c1800000, 0x0000000100000000)
  region size 1024K, 0 young (0K), 0 survivors (0K)
 Metaspace       used 46382K, committed 46848K, reserved 1089536K
  class space    used 6344K, committed 6528K, reserved 1048576K
}
Event: 813.363 GC heap before
{Heap before GC invocations=108 (full 60):
 garbage-first heap   total 116736K, used 34488K [0x00000000c1800000, 0x0000000100000000)
  region size 1024K, 1 young (1024K), 0 survivors (0K)
 Metaspace       used 46382K, committed 46848K, reserved 1089536K
  class space    used 6344K, committed 6528K, reserved 1048576K
}
Event: 813.419 GC heap after
{Heap after GC invocations=109 (full 61):
 garbage-first heap   total 116736K, used 34488K [0x00000000c1800000, 0x0000000100000000)
  region size 1024K, 0 young (0K), 0 survivors (0K)
 Metaspace       used 46382K, committed 46848K, reserved 1089536K
  class space    used 6344K, committed 6528K, reserved 1048576K
}
Event: 823.671 GC heap before
{Heap before GC invocations=109 (full 61):
 garbage-first heap   total 116736K, used 34488K [0x00000000c1800000, 0x0000000100000000)
  region size 1024K, 1 young (1024K), 0 survivors (0K)
 Metaspace       used 46382K, committed 46848K, reserved 1089536K
  class space    used 6344K, committed 6528K, reserved 1048576K
}
Event: 823.728 GC heap after
{Heap after GC invocations=110 (full 62):
 garbage-first heap   total 116736K, used 34488K [0x00000000c1800000, 0x0000000100000000)
  region size 1024K, 0 young (0K), 0 survivors (0K)
 Metaspace       used 46382K, committed 46848K, reserved 1089536K
  class space    used 6344K, committed 6528K, reserved 1048576K
}
Event: 833.974 GC heap before
{Heap before GC invocations=110 (full 62):
 garbage-first heap   total 116736K, used 34488K [0x00000000c1800000, 0x0000000100000000)
  region size 1024K, 1 young (1024K), 0 survivors (0K)
 Metaspace       used 46382K, committed 46848K, reserved 1089536K
  class space    used 6344K, committed 6528K, reserved 1048576K
}
Event: 834.031 GC heap after
{Heap after GC invocations=111 (full 63):
 garbage-first heap   total 116736K, used 34488K [0x00000000c1800000, 0x0000000100000000)
  region size 1024K, 0 young (0K), 0 survivors (0K)
 Metaspace       used 46382K, committed 46848K, reserved 1089536K
  class space    used 6344K, committed 6528K, reserved 1048576K
}
Event: 844.541 GC heap before
{Heap before GC invocations=111 (full 63):
 garbage-first heap   total 116736K, used 34488K [0x00000000c1800000, 0x0000000100000000)
  region size 1024K, 1 young (1024K), 0 survivors (0K)
 Metaspace       used 46382K, committed 46848K, reserved 1089536K
  class space    used 6344K, committed 6528K, reserved 1048576K
}
Event: 844.599 GC heap after
{Heap after GC invocations=112 (full 64):
 garbage-first heap   total 116736K, used 34488K [0x00000000c1800000, 0x0000000100000000)
  region size 1024K, 0 young (0K), 0 survivors (0K)
 Metaspace       used 46382K, committed 46848K, reserved 1089536K
  class space    used 6344K, committed 6528K, reserved 1048576K
}
Event: 854.899 GC heap before
{Heap before GC invocations=112 (full 64):
 garbage-first heap   total 116736K, used 34488K [0x00000000c1800000, 0x0000000100000000)
  region size 1024K, 1 young (1024K), 0 survivors (0K)
 Metaspace       used 46382K, committed 46848K, reserved 1089536K
  class space    used 6344K, committed 6528K, reserved 1048576K
}
Event: 854.952 GC heap after
{Heap after GC invocations=113 (full 65):
 garbage-first heap   total 116736K, used 34488K [0x00000000c1800000, 0x0000000100000000)
  region size 1024K, 0 young (0K), 0 survivors (0K)
 Metaspace       used 46382K, committed 46848K, reserved 1089536K
  class space    used 6344K, committed 6528K, reserved 1048576K
}
Event: 865.238 GC heap before
{Heap before GC invocations=113 (full 65):
 garbage-first heap   total 116736K, used 34488K [0x00000000c1800000, 0x0000000100000000)
  region size 1024K, 1 young (1024K), 0 survivors (0K)
 Metaspace       used 46382K, committed 46848K, reserved 1089536K
  class space    used 6344K, committed 6528K, reserved 1048576K
}
Event: 865.293 GC heap after
{Heap after GC invocations=114 (full 66):
 garbage-first heap   total 116736K, used 34488K [0x00000000c1800000, 0x0000000100000000)
  region size 1024K, 0 young (0K), 0 survivors (0K)
 Metaspace       used 46382K, committed 46848K, reserved 1089536K
  class space    used 6344K, committed 6528K, reserved 1048576K
}
Event: 876.057 GC heap before
{Heap before GC invocations=114 (full 66):
 garbage-first heap   total 116736K, used 34488K [0x00000000c1800000, 0x0000000100000000)
  region size 1024K, 1 young (1024K), 0 survivors (0K)
 Metaspace       used 46382K, committed 46848K, reserved 1089536K
  class space    used 6344K, committed 6528K, reserved 1048576K
}
Event: 876.117 GC heap after
{Heap after GC invocations=115 (full 67):
 garbage-first heap   total 116736K, used 34488K [0x00000000c1800000, 0x0000000100000000)
  region size 1024K, 0 young (0K), 0 survivors (0K)
 Metaspace       used 46382K, committed 46848K, reserved 1089536K
  class space    used 6344K, committed 6528K, reserved 1048576K
}
Event: 887.106 GC heap before
{Heap before GC invocations=115 (full 67):
 garbage-first heap   total 116736K, used 34488K [0x00000000c1800000, 0x0000000100000000)
  region size 1024K, 1 young (1024K), 0 survivors (0K)
 Metaspace       used 46382K, committed 46848K, reserved 1089536K
  class space    used 6344K, committed 6528K, reserved 1048576K
}
Event: 887.179 GC heap after
{Heap after GC invocations=116 (full 68):
 garbage-first heap   total 116736K, used 34488K [0x00000000c1800000, 0x0000000100000000)
  region size 1024K, 0 young (0K), 0 survivors (0K)
 Metaspace       used 46382K, committed 46848K, reserved 1089536K
  class space    used 6344K, committed 6528K, reserved 1048576K
}
Event: 900.530 GC heap before
{Heap before GC invocations=116 (full 68):
 garbage-first heap   total 116736K, used 34488K [0x00000000c1800000, 0x0000000100000000)
  region size 1024K, 1 young (1024K), 0 survivors (0K)
 Metaspace       used 46382K, committed 46848K, reserved 1089536K
  class space    used 6344K, committed 6528K, reserved 1048576K
}
Event: 900.620 GC heap after
{Heap after GC invocations=117 (full 69):
 garbage-first heap   total 116736K, used 34488K [0x00000000c1800000, 0x0000000100000000)
  region size 1024K, 0 young (0K), 0 survivors (0K)
 Metaspace       used 46382K, committed 46848K, reserved 1089536K
  class space    used 6344K, committed 6528K, reserved 1048576K
}

